**********************
Windows PowerShell transcript start
Start time: 20250117114415
Username: SXNIC\sxpersxnic
RunAs User: SXNIC\sxpersxnic
Configuration Name: 
Machine: SXNIC (Microsoft Windows NT 10.0.22631.0)
Host Application: C:\Windows\System32\WindowsPowerShell\v1.0\powershell.exe
Process ID: 17008
PSVersion: 5.1.22621.4391
PSEdition: Desktop
PSCompatibleVersions: 1.0, 2.0, 3.0, 4.0, 5.0, 5.1.22621.4391
BuildVersion: 10.0.22621.4391
CLRVersion: 4.0.30319.42000
WSManStackVersion: 3.0
PSRemotingProtocolVersion: 2.3
SerializationVersion: 1.1.0.1
**********************
Transcript started, output file is .\aws-automation.log
==== AWS CLI Automation Script startet ====
==== Step 1: Checking for Instance ID (WebServer-KN09) ====
Found Instance ID: i-066b34f53b3ec8feb
==== Step 2: Stopping Instance (WebServer-KN09) ====
Trying to stop instance with ID: i-066b34f53b3ec8feb...
STOPPINGINSTANCES	i-066b34f53b3ec8feb
CURRENTSTATE	64	stopping
PREVIOUSSTATE	16	running
Instance was stopped. Check status with following command:
aws ec2 describe-instances --instance-ids i-066b34f53b3ec8feb
==== Step 3: Start of instance (WebServer-KN09) ====
Starting instance with ID: i-066b34f53b3ec8feb...
STARTINGINSTANCES	i-066b34f53b3ec8feb
CURRENTSTATE	0	pending
PREVIOUSSTATE	80	stopped
Instance was started. Check status with following command:
aws ec2 describe-instances --instance-ids i-066b34f53b3ec8feb
==== Step 4: Creating new instance with Launch Template (DatabaseServer) ====
Creating new instance with Launch Template ID: lt-067af6ea39b913777
454746003234	r-01585a532a37f06c9
INSTANCES	0	x86_64	uefi-preferred	237a5b11-8de7-4ae7-9d12-81db7e8c44cf	legacy-bios	False	True	xen	ami-04b4f1a9cf54c11d0	i-07460dcbf42408cf9	t2.micro	RSA	2025-01-17T10:46:26+00:00	ip-172-31-8-172.ec2.internal	172.31.8.172		/dev/sda1	ebs	True		subnet-066e7a0209ffc6acb	hvm	vpc-002ef42653b9453bf
CAPACITYRESERVATIONSPECIFICATION	open
CPUOPTIONS	1	1
ENCLAVEOPTIONS	False
MAINTENANCEOPTIONS	default
METADATAOPTIONS	enabled	disabled	2	required	disabled	pending
MONITORING	disabled
NETWORKINTERFACES	KN09	interface	02:c0:cf:09:fa:6f	eni-0f3ae1c36bd106c50	454746003234	ip-172-31-8-172.ec2.internal	172.31.8.172	True	in-use	subnet-066e7a0209ffc6acb	vpc-002ef42653b9453bf
ATTACHMENT	2025-01-17T10:46:26+00:00	eni-attach-07b6ddb2ba7c9fb99	False	0	0	attaching
GROUPS	sg-0128866357899b1fa
OPERATOR	False
PRIVATEIPADDRESSES	True	ip-172-31-8-172.ec2.internal	172.31.8.172
OPERATOR	False
PLACEMENT	us-east-1a		default
PRIVATEDNSNAMEOPTIONS	False	False	ip-name
SECURITYGROUPS	sg-0128866357899b1fa
STATE	0	pending
STATEREASON	pending	pending
TAGS	aws:ec2launchtemplate:id	lt-067af6ea39b913777
TAGS	Name	DatabaseServer
TAGS	aws:ec2launchtemplate:version	4
New instance launched successfully. Check details of the new instance.
==== Step 5: Testing connection on Port 3306 (DatabaseServer) ====
Found Public IP Address: 44.222.154.143
telnet 44.222.154.143 3306

==== Done ====
**********************
Windows PowerShell transcript end
End time: 20250117114650
**********************
