stat: cannot statx '/home/root': No such file or directory
stat: cannot statx '/home/daemon': No such file or directory
stat: cannot statx '/home/bin': No such file or directory
stat: cannot statx '/home/sys': No such file or directory
stat: cannot statx '/home/adm': No such file or directory
stat: cannot statx '/home/tty': No such file or directory
stat: cannot statx '/home/disk': No such file or directory
stat: cannot statx '/home/lp': No such file or directory
stat: cannot statx '/home/mail': No such file or directory
stat: cannot statx '/home/news': No such file or directory
stat: cannot statx '/home/uucp': No such file or directory
stat: cannot statx '/home/man': No such file or directory
stat: cannot statx '/home/proxy': No such file or directory
stat: cannot statx '/home/kmem': No such file or directory
stat: cannot statx '/home/dialout': No such file or directory
stat: cannot statx '/home/fax': No such file or directory
stat: cannot statx '/home/voice': No such file or directory
stat: cannot statx '/home/cdrom': No such file or directory
stat: cannot statx '/home/floppy': No such file or directory
stat: cannot statx '/home/tape': No such file or directory
stat: cannot statx '/home/sudo': No such file or directory
stat: cannot statx '/home/audio': No such file or directory
stat: cannot statx '/home/dip': No such file or directory
stat: cannot statx '/home/www-data': No such file or directory
stat: cannot statx '/home/backup': No such file or directory
stat: cannot statx '/home/operator': No such file or directory
stat: cannot statx '/home/list': No such file or directory
stat: cannot statx '/home/irc': No such file or directory
stat: cannot statx '/home/src': No such file or directory
stat: cannot statx '/home/gnats': No such file or directory
stat: cannot statx '/home/shadow': No such file or directory
stat: cannot statx '/home/utmp': No such file or directory
stat: cannot statx '/home/video': No such file or directory
stat: cannot statx '/home/sasl': No such file or directory
stat: cannot statx '/home/plugdev': No such file or directory
stat: cannot statx '/home/staff': No such file or directory
stat: cannot statx '/home/games': No such file or directory
stat: cannot statx '/home/users': No such file or directory
stat: cannot statx '/home/nogroup': No such file or directory
stat: cannot statx '/home/systemd-journal': No such file or directory
stat: cannot statx '/home/systemd-network': No such file or directory
stat: cannot statx '/home/systemd-resolve': No such file or directory
stat: cannot statx '/home/crontab': No such file or directory
stat: cannot statx '/home/messagebus': No such file or directory
stat: cannot statx '/home/systemd-timesync': No such file or directory
stat: cannot statx '/home/input': No such file or directory
stat: cannot statx '/home/sgx': No such file or directory
stat: cannot statx '/home/kvm': No such file or directory
stat: cannot statx '/home/render': No such file or directory
stat: cannot statx '/home/syslog': No such file or directory
stat: cannot statx '/home/uuidd': No such file or directory
stat: cannot statx '/home/tcpdump': No such file or directory
stat: cannot statx '/home/_ssh': No such file or directory
stat: cannot statx '/home/admin': No such file or directory
stat: cannot statx '/home/netdev': No such file or directory
stat: cannot statx '/home/user1': No such file or directory
stat: cannot statx '/home/USER': No such file or directory
stat: cannot statx '/home/USER2': No such file or directory
stat: cannot statx '/home/Test1': No such file or directory
stat: cannot statx '/home/Test2': No such file or directory
stat: cannot statx '/home/Test3': No such file or directory
stat: cannot statx '/home/Test4': No such file or directory
stat: cannot statx '/home/TEST_GROUP': No such file or directory
stat: cannot statx '/home/rtkit': No such file or directory
